-------------------------------------------------------------------------------
Test set: com.rest.practice.RestRestaurantApplicationTests
-------------------------------------------------------------------------------
Tests run: 1, Failures: 0, Errors: 1, Skipped: 0, Time elapsed: 0.243 s <<< FAILURE! - in com.rest.practice.RestRestaurantApplicationTests
initializationError(com.rest.practice.RestRestaurantApplicationTests)  Time elapsed: 0.004 s  <<< ERROR!
java.lang.Exception: No runnable methods

