-------------------------------------------------------------------------------
Test set: com.rest.practice.MenuItemControllerTest
-------------------------------------------------------------------------------
Tests run: 5, Failures: 1, Errors: 0, Skipped: 0, Time elapsed: 6.286 s <<< FAILURE! - in com.rest.practice.MenuItemControllerTest
saveMenuItem_response201(com.rest.practice.MenuItemControllerTest)  Time elapsed: 0.173 s  <<< FAILURE!
java.lang.AssertionError: Range for response status value 401 expected:<SUCCESSFUL> but was:<CLIENT_ERROR>
	at com.rest.practice.MenuItemControllerTest.saveMenuItem_response201(MenuItemControllerTest.java:108)

